Got new url: https://www.foxnews.com/food-drink/burger-king-social-distance-crown
Got new url: https://www.foxnews.com/us/las-vegas-to-reopen-casinos-with-restrictions
Got new url: https://www.foxnews.com/politics/trumps-national-security-adviser-says-china-response-to-coronavirus-was-like-chernobyl
Got new url: https://www.foxnews.com/entertainment/simon-cowell-dieting-staying-busy-quarantine
Got new url: https://www.foxnews.com/politics/arkansas-gov-hutchinson-optimistic-about-economic-recovery-despite-recent-high-in-new-covid-cases
Got new url: https://www.foxnews.com/politics/top-nursing-home-executive-blames-flawed-survey-system-for-scathing-gao-report-on-lapses-in-infection-prevention
Got new url: https://www.foxnews.com/us/second-missouri-hairstylist-coronavirus-symptomatic-147-exposed
Current urls queue size 7
Valid====https://www.foxnews.com/food-drink/burger-king-social-distance-crown
Current urls queue size 6
Valid====https://www.foxnews.com/us/las-vegas-to-reopen-casinos-with-restrictions
Current urls queue size 5
Valid====https://www.foxnews.com/politics/trumps-national-security-adviser-says-china-response-to-coronavirus-was-like-chernobyl
Current urls queue size 4
Valid====https://www.foxnews.com/entertainment/simon-cowell-dieting-staying-busy-quarantine
Current urls queue size 3
Valid====https://www.foxnews.com/politics/arkansas-gov-hutchinson-optimistic-about-economic-recovery-despite-recent-high-in-new-covid-cases
Current urls queue size 2
Valid====https://www.foxnews.com/politics/top-nursing-home-executive-blames-flawed-survey-system-for-scathing-gao-report-on-lapses-in-infection-prevention
Current urls queue size 1
Valid====https://www.foxnews.com/us/second-missouri-hairstylist-coronavirus-symptomatic-147-exposed
Got new url: https://www.foxnews.com/politics/hhs-sec-azar-defends-trumps-call-for-governors-to-reopen-churches-as-long-as-appropriate-precautions-are-made
Current urls queue size 1
Valid====https://www.foxnews.com/politics/hhs-sec-azar-defends-trumps-call-for-governors-to-reopen-churches-as-long-as-appropriate-precautions-are-made
Got new url: https://www.foxnews.com/world/uk-researchers-warn-of-only-50-percent-success-for-covid-vaccine-trial
Current urls queue size 1
Valid====https://www.foxnews.com/world/uk-researchers-warn-of-only-50-percent-success-for-covid-vaccine-trial
Got new url: https://www.foxnews.com/us/washington-state-man-charged-coronavirus-relief-fraud-loans
Current urls queue size 1
Valid====https://www.foxnews.com/us/washington-state-man-charged-coronavirus-relief-fraud-loans
Got new url: https://www.foxnews.com/media/cruise-ship-entertainer-ryan-driscoll-devin-nunes-coronavirus-barbados
Current urls queue size 1
Valid====https://www.foxnews.com/media/cruise-ship-entertainer-ryan-driscoll-devin-nunes-coronavirus-barbados
Got new url: https://www.foxnews.com/world/dominic-cummings-investigation-alleged-lockdown-breaches-boris-johnson
Current urls queue size 1
Valid====https://www.foxnews.com/world/dominic-cummings-investigation-alleged-lockdown-breaches-boris-johnson
Got new url: https://www.foxnews.com/politics/white-house-bars-entry-of-non-us-citizens-traveling-from-brazil-citing-coronavirus-concerns
Current urls queue size 1
Valid====https://www.foxnews.com/politics/white-house-bars-entry-of-non-us-citizens-traveling-from-brazil-citing-coronavirus-concerns
Got new url: https://www.foxnews.com/entertainment/john-kraskinski-slammed-selling-some-good-new
Current urls queue size 1
Valid====https://www.foxnews.com/entertainment/john-kraskinski-slammed-selling-some-good-new
Got new url: https://www.foxnews.com/entertainment/nick-cordero-new-lung-infection-coronavirus
Current urls queue size 1
Valid====https://www.foxnews.com/entertainment/nick-cordero-new-lung-infection-coronavirus
Got new url: https://www.foxnews.com/media/huckabee-biden-basement-campaign
Current urls queue size 1
Valid====https://www.foxnews.com/media/huckabee-biden-basement-campaign
Got new url: https://www.foxnews.com/us/memorial-day-travel-social-distance-beaches
Current urls queue size 1
Valid====https://www.foxnews.com/us/memorial-day-travel-social-distance-beaches
Got new url: https://www.foxnews.com/politics/gop-sues-california-newsom-vote-by-mail-order-illegal-power-grab-claim
Current urls queue size 1
Valid====https://www.foxnews.com/politics/gop-sues-california-newsom-vote-by-mail-order-illegal-power-grab-claim
Got new url: https://www.foxnews.com/health/fauci-says-extended-stay-home-orders-could-cause-irreparable-damage
Current urls queue size 1
Valid====https://www.foxnews.com/health/fauci-says-extended-stay-home-orders-could-cause-irreparable-damage
Got new url: https://www.foxnews.com/media/lisa-boothe-biden-2020-campaign-digital-rally
Current urls queue size 1
Valid====https://www.foxnews.com/media/lisa-boothe-biden-2020-campaign-digital-rally
Got new url: https://www.foxnews.com/us/georgia-boy-17-youngest-state-die-coronavirus
Current urls queue size 1
Valid====https://www.foxnews.com/us/georgia-boy-17-youngest-state-die-coronavirus
Got new url: https://www.foxnews.com/us/window-to-file-for-government-health-insurance-approaching-for-coronavirus-filers
Current urls queue size 1
Valid====https://www.foxnews.com/us/window-to-file-for-government-health-insurance-approaching-for-coronavirus-filers
Got new url: https://www.foxnews.com/us/wwii-veteran-beats-covid-19-honored-during-100th-birthday-after-being-fight-life
Current urls queue size 1
Valid====https://www.foxnews.com/us/wwii-veteran-beats-covid-19-honored-during-100th-birthday-after-being-fight-life
Got new url: https://www.foxnews.com/us/trump-says-hes-no-longer-taking-anti-malaria-drug-hydroxychloroquine
Got new url: https://www.foxnews.com/us/customer-speaks-out-2-missouri-hair-stylists-tested-positive-worked-coronavirus-symptoms
Current urls queue size 2
Valid====https://www.foxnews.com/us/trump-says-hes-no-longer-taking-anti-malaria-drug-hydroxychloroquine
Current urls queue size 1
Valid====https://www.foxnews.com/us/customer-speaks-out-2-missouri-hair-stylists-tested-positive-worked-coronavirus-symptoms
Got new url: https://www.foxnews.com/opinion/martha-mcsally-coronavirus-covid-19-do-things-afraid
Got new url: https://www.foxnews.com/science/the-cdc-is-lumping-positive-covid-19-viral-and-antibody-tests-together-heres-why-thats-bad
Got new url: https://www.foxnews.com/entertainment/knight-rider-rebecca-holden-proud-american-memorial-day
Current urls queue size 3
Valid====https://www.foxnews.com/opinion/martha-mcsally-coronavirus-covid-19-do-things-afraid
Current urls queue size 2
Valid====https://www.foxnews.com/science/the-cdc-is-lumping-positive-covid-19-viral-and-antibody-tests-together-heres-why-thats-bad
Current urls queue size 1
Valid====https://www.foxnews.com/entertainment/knight-rider-rebecca-holden-proud-american-memorial-day
Got new url: https://www.foxnews.com/politics/president-trump-indicates-he-wants-reopen-schools-watching-steve-hilton-segment
Current urls queue size 1
Valid====https://www.foxnews.com/politics/president-trump-indicates-he-wants-reopen-schools-watching-steve-hilton-segment
Got new url: https://www.foxnews.com/health/coronavirus-in-us-state-by-state-breakdown
Current urls queue size 1
Valid====https://www.foxnews.com/health/coronavirus-in-us-state-by-state-breakdown
Got new url: https://www.foxnews.com/opinion/vice-president-mike-pence-memorial-day-cherish-freedoms
Current urls queue size 1
Valid====https://www.foxnews.com/opinion/vice-president-mike-pence-memorial-day-cherish-freedoms
Got new url: https://www.foxnews.com/media/pennsylvania-diner-license-revoked-after-reopening-curve-flattened-gov-wolf-too-far
Current urls queue size 1
Valid====https://www.foxnews.com/media/pennsylvania-diner-license-revoked-after-reopening-curve-flattened-gov-wolf-too-far
Got new url: https://www.foxnews.com/media/amid-coronavirus-new-york-red-bulls-connect-to-young-soccer-fans-virtually-in-local-hospitals
Current urls queue size 1
Valid====https://www.foxnews.com/media/amid-coronavirus-new-york-red-bulls-connect-to-young-soccer-fans-virtually-in-local-hospitals
Got new url: https://www.foxnews.com/politics/trump-visits-arlington-cemetery-fort-mchenry-for-memorial-day-as-baltimore-mayor-criticizes-tripTraceback (most recent call last):
  File "foxnews_online.py", line 20, in <module>
    driver.get(in_url)
  File "/home/dat/.local/lib/python3.6/site-packages/selenium/webdriver/remote/webdriver.py", line 248, in get
    self.execute(Command.GET, {'url': url})
  File "/home/dat/.local/lib/python3.6/site-packages/selenium/webdriver/remote/webdriver.py", line 236, in execute
    self.error_handler.check_response(response)
  File "/home/dat/.local/lib/python3.6/site-packages/selenium/webdriver/remote/errorhandler.py", line 192, in check_response
    raise exception_class(message, screen, stacktrace)
selenium.common.exceptions.TimeoutException: Message: timeout
  (Session info: headless chrome=79.0.3945.130)
  (Driver info: chromedriver=79.0.3945.36 (3582db32b33893869b8c1339e8f4d9ed1816f143-refs/branch-heads/3945@{#614}),platform=Linux 4.15.0-101-generic x86_64)

Traceback (most recent call last):
  File "foxnews_online.py", line 20, in <module>
    driver.get(in_url)
  File "/home/dat/.local/lib/python3.6/site-packages/selenium/webdriver/remote/webdriver.py", line 248, in get
    self.execute(Command.GET, {'url': url})
  File "/home/dat/.local/lib/python3.6/site-packages/selenium/webdriver/remote/webdriver.py", line 236, in execute
    self.error_handler.check_response(response)
  File "/home/dat/.local/lib/python3.6/site-packages/selenium/webdriver/remote/errorhandler.py", line 192, in check_response
    raise exception_class(message, screen, stacktrace)
selenium.common.exceptions.TimeoutException: Message: timeout
  (Session info: headless chrome=79.0.3945.130)
  (Driver info: chromedriver=79.0.3945.36 (3582db32b33893869b8c1339e8f4d9ed1816f143-refs/branch-heads/3945@{#614}),platform=Linux 4.15.0-101-generic x86_64)

Traceback (most recent call last):
  File "foxnews_online.py", line 20, in <module>
    driver.get(in_url)
  File "/home/dat/.local/lib/python3.6/site-packages/selenium/webdriver/remote/webdriver.py", line 248, in get
    self.execute(Command.GET, {'url': url})
  File "/home/dat/.local/lib/python3.6/site-packages/selenium/webdriver/remote/webdriver.py", line 236, in execute
    self.error_handler.check_response(response)
  File "/home/dat/.local/lib/python3.6/site-packages/selenium/webdriver/remote/errorhandler.py", line 192, in check_response
    raise exception_class(message, screen, stacktrace)
selenium.common.exceptions.TimeoutException: Message: timeout
  (Session info: headless chrome=79.0.3945.130)
  (Driver info: chromedriver=79.0.3945.36 (3582db32b33893869b8c1339e8f4d9ed1816f143-refs/branch-heads/3945@{#614}),platform=Linux 4.15.0-101-generic x86_64)

Traceback (most recent call last):
  File "foxnews_online.py", line 20, in <module>
    driver.get(in_url)
  File "/home/dat/.local/lib/python3.6/site-packages/selenium/webdriver/remote/webdriver.py", line 248, in get
    self.execute(Command.GET, {'url': url})
  File "/home/dat/.local/lib/python3.6/site-packages/selenium/webdriver/remote/webdriver.py", line 236, in execute
    self.error_handler.check_response(response)
  File "/home/dat/.local/lib/python3.6/site-packages/selenium/webdriver/remote/errorhandler.py", line 192, in check_response
    raise exception_class(message, screen, stacktrace)
selenium.common.exceptions.TimeoutException: Message: timeout
  (Session info: headless chrome=79.0.3945.130)
  (Driver info: chromedriver=79.0.3945.36 (3582db32b33893869b8c1339e8f4d9ed1816f143-refs/branch-heads/3945@{#614}),platform=Linux 4.15.0-101-generic x86_64)

Traceback (most recent call last):
  File "foxnews_online.py", line 20, in <module>
    driver.get(in_url)
  File "/home/dat/.local/lib/python3.6/site-packages/selenium/webdriver/remote/webdriver.py", line 248, in get
    self.execute(Command.GET, {'url': url})
  File "/home/dat/.local/lib/python3.6/site-packages/selenium/webdriver/remote/webdriver.py", line 236, in execute
    self.error_handler.check_response(response)
  File "/home/dat/.local/lib/python3.6/site-packages/selenium/webdriver/remote/errorhandler.py", line 192, in check_response
    raise exception_class(message, screen, stacktrace)
selenium.common.exceptions.TimeoutException: Message: timeout
  (Session info: headless chrome=79.0.3945.130)
  (Driver info: chromedriver=79.0.3945.36 (3582db32b33893869b8c1339e8f4d9ed1816f143-refs/branch-heads/3945@{#614}),platform=Linux 4.15.0-101-generic x86_64)

Traceback (most recent call last):
  File "foxnews_online.py", line 20, in <module>
    driver.get(in_url)
  File "/home/dat/.local/lib/python3.6/site-packages/selenium/webdriver/remote/webdriver.py", line 248, in get
    self.execute(Command.GET, {'url': url})
  File "/home/dat/.local/lib/python3.6/site-packages/selenium/webdriver/remote/webdriver.py", line 236, in execute
    self.error_handler.check_response(response)
  File "/home/dat/.local/lib/python3.6/site-packages/selenium/webdriver/remote/errorhandler.py", line 192, in check_response
    raise exception_class(message, screen, stacktrace)
selenium.common.exceptions.TimeoutException: Message: timeout
  (Session info: headless chrome=79.0.3945.130)
  (Driver info: chromedriver=79.0.3945.36 (3582db32b33893869b8c1339e8f4d9ed1816f143-refs/branch-heads/3945@{#614}),platform=Linux 4.15.0-101-generic x86_64)

Traceback (most recent call last):
  File "foxnews_online.py", line 20, in <module>
    driver.get(in_url)
  File "/home/dat/.local/lib/python3.6/site-packages/selenium/webdriver/remote/webdriver.py", line 248, in get
    self.execute(Command.GET, {'url': url})
  File "/home/dat/.local/lib/python3.6/site-packages/selenium/webdriver/remote/webdriver.py", line 236, in execute
    self.error_handler.check_response(response)
  File "/home/dat/.local/lib/python3.6/site-packages/selenium/webdriver/remote/errorhandler.py", line 192, in check_response
    raise exception_class(message, screen, stacktrace)
selenium.common.exceptions.TimeoutException: Message: timeout
  (Session info: headless chrome=79.0.3945.130)
  (Driver info: chromedriver=79.0.3945.36 (3582db32b33893869b8c1339e8f4d9ed1816f143-refs/branch-heads/3945@{#614}),platform=Linux 4.15.0-101-generic x86_64)

Traceback (most recent call last):
  File "foxnews_online.py", line 20, in <module>
    driver.get(in_url)
  File "/home/dat/.local/lib/python3.6/site-packages/selenium/webdriver/remote/webdriver.py", line 248, in get
    self.execute(Command.GET, {'url': url})
  File "/home/dat/.local/lib/python3.6/site-packages/selenium/webdriver/remote/webdriver.py", line 236, in execute
    self.error_handler.check_response(response)
  File "/home/dat/.local/lib/python3.6/site-packages/selenium/webdriver/remote/errorhandler.py", line 192, in check_response
    raise exception_class(message, screen, stacktrace)
selenium.common.exceptions.TimeoutException: Message: timeout
  (Session info: headless chrome=79.0.3945.130)
  (Driver info: chromedriver=79.0.3945.36 (3582db32b33893869b8c1339e8f4d9ed1816f143-refs/branch-heads/3945@{#614}),platform=Linux 4.15.0-101-generic x86_64)

Traceback (most recent call last):
  File "foxnews_online.py", line 20, in <module>
    driver.get(in_url)
  File "/home/dat/.local/lib/python3.6/site-packages/selenium/webdriver/remote/webdriver.py", line 248, in get
    self.execute(Command.GET, {'url': url})
  File "/home/dat/.local/lib/python3.6/site-packages/selenium/webdriver/remote/webdriver.py", line 236, in execute
    self.error_handler.check_response(response)
  File "/home/dat/.local/lib/python3.6/site-packages/selenium/webdriver/remote/errorhandler.py", line 192, in check_response
    raise exception_class(message, screen, stacktrace)
selenium.common.exceptions.TimeoutException: Message: timeout
  (Session info: headless chrome=79.0.3945.130)
  (Driver info: chromedriver=79.0.3945.36 (3582db32b33893869b8c1339e8f4d9ed1816f143-refs/branch-heads/3945@{#614}),platform=Linux 4.15.0-101-generic x86_64)

Traceback (most recent call last):
  File "/home/dat/PycharmProjects/document_crawler/selenium_python/foxnews_crawler.py", line 40, in parser_doc
    self.driver.get(url)
  File "/home/dat/.local/lib/python3.6/site-packages/selenium/webdriver/remote/webdriver.py", line 248, in get
    self.execute(Command.GET, {'url': url})
  File "/home/dat/.local/lib/python3.6/site-packages/selenium/webdriver/remote/webdriver.py", line 236, in execute
    self.error_handler.check_response(response)
