Got new url: https://www.foxnews.com/food-drink/burger-king-social-distance-crown
Got new url: https://www.foxnews.com/us/las-vegas-to-reopen-casinos-with-restrictions
Got new url: https://www.foxnews.com/politics/trumps-national-security-adviser-says-china-response-to-coronavirus-was-like-chernobyl
Got new url: https://www.foxnews.com/entertainment/simon-cowell-dieting-staying-busy-quarantine
Got new url: https://www.foxnews.com/politics/arkansas-gov-hutchinson-optimistic-about-economic-recovery-despite-recent-high-in-new-covid-cases
Got new url: https://www.foxnews.com/politics/top-nursing-home-executive-blames-flawed-survey-system-for-scathing-gao-report-on-lapses-in-infection-prevention
Got new url: https://www.foxnews.com/us/second-missouri-hairstylist-coronavirus-symptomatic-147-exposed
==================len 7
Current urls queue size 7
Valid====https://www.foxnews.com/food-drink/burger-king-social-distance-crown
Current urls queue size 6
Valid====https://www.foxnews.com/us/las-vegas-to-reopen-casinos-with-restrictions
Current urls queue size 5
Valid====https://www.foxnews.com/politics/trumps-national-security-adviser-says-china-response-to-coronavirus-was-like-chernobyl
Current urls queue size 4
Valid====https://www.foxnews.com/entertainment/simon-cowell-dieting-staying-busy-quarantine
Current urls queue size 3
Got new url: https://www.foxnews.com/media/michigan-restaurant-owner-makes-last-attempt-to-save-business
Got new url: https://www.foxnews.com/politics/rick-scott-says-hes-fine-with-absentee-voting-as-long-as-laws-prevent-fraud
Got new url: https://www.foxnews.com/politics/dr-birx-critically-important-that-people-wear-masks-as-states-reopen-amid-higher-than-expected-death-tolls
Got new url: https://www.foxnews.com/sports/nba-all-star-kermit-washington-denied-prison-release-coronavirus
Got new url: https://www.foxnews.com/opinion/coronavirus-los-angeles-draconian-restrictions-jim-breslo
Got new url: https://www.foxnews.com/us/florida-man-kidnap-girl-17-coronavirus-highway-checkpoint
==================len 13
Valid====https://www.foxnews.com/politics/arkansas-gov-hutchinson-optimistic-about-economic-recovery-despite-recent-high-in-new-covid-cases
Current urls queue size 8
Valid====https://www.foxnews.com/politics/top-nursing-home-executive-blames-flawed-survey-system-for-scathing-gao-report-on-lapses-in-infection-prevention
Current urls queue size 7
Valid====https://www.foxnews.com/us/second-missouri-hairstylist-coronavirus-symptomatic-147-exposed
Current urls queue size 6
Valid====https://www.foxnews.com/media/michigan-restaurant-owner-makes-last-attempt-to-save-business
Current urls queue size 5
Valid====https://www.foxnews.com/politics/rick-scott-says-hes-fine-with-absentee-voting-as-long-as-laws-prevent-fraud
Current urls queue size 4
Got new url: https://www.foxnews.com/politics/beto-orourke-mocks-texas-governors-reopening-message-then-hears-back-from-crenshaw-cruz
Got new url: https://www.foxnews.com/opinion/johhny-joey-jones-on-memorial-day-i-recall-fellow-marines-killed-in-war-luckily-i-only-lost-my-legs
Got new url: https://www.foxnews.com/media/nascar-steve-phelps-coca-cola-600
Got new url: https://www.foxnews.com/media/dr-atlas-on-coronavirus-lockdowns-the-policy-is-killing-people
==================len 17
Valid====https://www.foxnews.com/politics/dr-birx-critically-important-that-people-wear-masks-as-states-reopen-amid-higher-than-expected-death-tolls
Current urls queue size 7
Valid====https://www.foxnews.com/sports/nba-all-star-kermit-washington-denied-prison-release-coronavirus
Current urls queue size 6
Valid====https://www.foxnews.com/opinion/coronavirus-los-angeles-draconian-restrictions-jim-breslo
Current urls queue size 5
Valid====https://www.foxnews.com/us/florida-man-kidnap-girl-17-coronavirus-highway-checkpoint
Current urls queue size 4
Valid====https://www.foxnews.com/politics/beto-orourke-mocks-texas-governors-reopening-message-then-hears-back-from-crenshaw-cruz
Current urls queue size 3
Valid====https://www.foxnews.com/opinion/johhny-joey-jones-on-memorial-day-i-recall-fellow-marines-killed-in-war-luckily-i-only-lost-my-legs
Current urls queue size 2
Got new url: https://www.foxnews.com/politics/trump-targeted-michigans-top-3-officials-because-theyre-all-women-state-ag-says
Got new url: https://www.foxnews.com/sports/tiger-woods-phil-mickelson-match-with-nfl-stars-could-raise-10m-for-coronavirus-relief
Got new url: https://www.foxnews.com/opinion/charlie-kirk-coronavirus-shouldnt-take-away-our-god-given-freedoms-los-angeles-mayor-doesnt-get-that
Got new url: https://www.foxnews.com/tech/upgrade-home-office-assess-covid-risks-destroy-sent-email-and-more-tech-qa
Got new url: https://www.foxnews.com/politics/virginia-gov-northam-criticized-after-not-wearing-mask-or-social-distancing-on-beach
Got new url: https://www.foxnews.com/tech/your-phone-in-a-covid-19-world-10-diy-steps-to-take-now
Got new url: https://www.foxnews.com/us/north-carolina-veterans-military-funeral-honor-guard-video-coronavirus
Got new url: https://www.foxnews.com/us/second-new-york-city-covid-field-hospital-dismantled-beds-needed-reopening
Got new url: https://www.foxnews.com/entertainment/alyssa-milano-roasted-twitter-crocheted-face-mask
==================len 26
Valid====https://www.foxnews.com/media/nascar-steve-phelps-coca-cola-600
Current urls queue size 10
Valid====https://www.foxnews.com/media/dr-atlas-on-coronavirus-lockdowns-the-policy-is-killing-people
Current urls queue size 9
Valid====https://www.foxnews.com/politics/trump-targeted-michigans-top-3-officials-because-theyre-all-women-state-ag-says
Current urls queue size 8
Valid====https://www.foxnews.com/sports/tiger-woods-phil-mickelson-match-with-nfl-stars-could-raise-10m-for-coronavirus-relief
Current urls queue size 7
Got new url: https://www.foxnews.com/world/africa-coronavirus-cases-top-100000-who
Got new url: https://www.foxnews.com/faith-values/mississippi-church-injunction-hold-services-days-after-burned-to-ground
Got new url: https://www.foxnews.com/politics/team-trump-campaigning-beaches-memorial-day-weekend
Got new url: https://www.foxnews.com/media/jim-gray-nba-predictions-coronavirus
Got new url: https://www.foxnews.com/opinion/congress-nursing-homes-elderly-bailouts-adam-brandon
Got new url: https://www.foxnews.com/politics/new-york-cuomo-revises-social-distancing-amid-lawsuit
==================len 32
Valid====https://www.foxnews.com/opinion/charlie-kirk-coronavirus-shouldnt-take-away-our-god-given-freedoms-los-angeles-mayor-doesnt-get-that
Current urls queue size 12
Valid====https://www.foxnews.com/tech/upgrade-home-office-assess-covid-risks-destroy-sent-email-and-more-tech-qa
Current urls queue size 11
Valid====https://www.foxnews.com/politics/virginia-gov-northam-criticized-after-not-wearing-mask-or-social-distancing-on-beach
Current urls queue size 10
Valid====https://www.foxnews.com/tech/your-phone-in-a-covid-19-world-10-diy-steps-to-take-now
Current urls queue size 9
Valid====https://www.foxnews.com/us/north-carolina-veterans-military-funeral-honor-guard-video-coronavirus
Current urls queue size 8
Got new url: https://www.foxnews.com/politics/new-york-covid-daily-deaths-drop-below-100-long-island-to-reopen
Got new url: https://www.foxnews.com/world/us-dependence-on-chinese-imports-posing-potential-threat-on-national-security-think-tank-says
Got new url: https://www.foxnews.com/opinion/gingrich-desantis-congress-11000-taxpayers
Got new url: https://www.foxnews.com/politics/cuomo-blames-trump-nursing-home-debacle-new-york-coronavirus
==================len 36
Valid====https://www.foxnews.com/us/second-new-york-city-covid-field-hospital-dismantled-beds-needed-reopening
Current urls queue size 11
Valid====https://www.foxnews.com/entertainment/alyssa-milano-roasted-twitter-crocheted-face-mask
Current urls queue size 10
Valid====https://www.foxnews.com/world/africa-coronavirus-cases-top-100000-who
Current urls queue size 9
Valid====https://www.foxnews.com/faith-values/mississippi-church-injunction-hold-services-days-after-burned-to-ground
Current urls queue size 8
Got new url: https://www.foxnews.com/opinion/tucker-carlson-coronavirus-abuse-nursing-homes
Got new url: https://www.foxnews.com/auto/lifelong-coca-cola-600-fans-struggling-missing-big-race
Got new url: https://www.foxnews.com/media/mike-dewine-coronavirus-reopening-process
==================len 39
Valid====https://www.foxnews.com/politics/team-trump-campaigning-beaches-memorial-day-weekend
Current urls queue size 10
Valid====https://www.foxnews.com/media/jim-gray-nba-predictions-coronavirus
Current urls queue size 9
Valid====https://www.foxnews.com/opinion/congress-nursing-homes-elderly-bailouts-adam-brandon
Current urls queue size 8
Valid====https://www.foxnews.com/politics/new-york-cuomo-revises-social-distancing-amid-lawsuit
Current urls queue size 7
Valid====https://www.foxnews.com/politics/new-york-covid-daily-deaths-drop-below-100-long-island-to-reopen
Current urls queue size 6
Got new url: https://www.foxnews.com/world/johnson-resists-fire-aide-during-lockdown
Got new url: https://www.foxnews.com/entertainment/nick-cordero-wife-defying-odds-coronavirus
Got new url: https://www.foxnews.com/media/rep-darrell-issa-suing-over-californias-unconstitutional-vote-by-mail-order
Got new url: https://www.foxnews.com/us/missouri-hairstylist-went-to-work-with-coronavirus-symptoms-exposed-91-clientsm-co-workers-officials
==================len 43
Valid====https://www.foxnews.com/world/us-dependence-on-chinese-imports-posing-potential-threat-on-national-security-think-tank-says
Current urls queue size 9
Valid====https://www.foxnews.com/opinion/gingrich-desantis-congress-11000-taxpayers
Current urls queue size 8
Valid====https://www.foxnews.com/politics/cuomo-blames-trump-nursing-home-debacle-new-york-coronavirus
Current urls queue size 7
Valid====https://www.foxnews.com/opinion/tucker-carlson-coronavirus-abuse-nursing-homes
Current urls queue size 6
Got new url: https://www.foxnews.com/food-drink/grocery-store-salad-bar-alcohol-candy
Got new url: https://www.foxnews.com/politics/returning-to-normal-trump-spends-saturday-at-his-golf-course
Got new url: https://www.foxnews.com/sports/nhlpa-approves-24-team-playoff-talks
Got new url: https://www.foxnews.com/media/joe-piscopo-time-for-america-to-fully-reopen
==================len 47
Valid====https://www.foxnews.com/auto/lifelong-coca-cola-600-fans-struggling-missing-big-race
Current urls queue size 9
Valid====https://www.foxnews.com/media/mike-dewine-coronavirus-reopening-process
Current urls queue size 8
Valid====https://www.foxnews.com/world/johnson-resists-fire-aide-during-lockdown
Current urls queue size 7
Valid====https://www.foxnews.com/entertainment/nick-cordero-wife-defying-odds-coronavirus
Current urls queue size 6
Valid====https://www.foxnews.com/media/rep-darrell-issa-suing-over-californias-unconstitutional-vote-by-mail-order
Current urls queue size 5
Got new url: https://www.foxnews.com/entertainment/brandi-glanville-sprays-kids-bleach-water
Got new url: https://www.foxnews.com/media/dr-siegel-ridiculous-restrictions-memorial-day-weekend
Got new url: https://www.foxnews.com/sports/sec-big-12-football-workouts-campus
Got new url: https://www.foxnews.com/sports/mexico-cancels-soccer-season-coronavirus
Got new url: https://www.foxnews.com/opinion/janice-dean-coronavirus-in-laws-cuomo
Got new url: https://www.foxnews.com/us/colleges-left-in-limbo-online-classes
Got new url: https://www.foxnews.com/media/michigan-gym-owner-coronavirus-resistance
Got new url: https://www.foxnews.com/world/benjamin-netanyahu-corruption-trial-everything-you-need-to-know
Got new url: https://www.foxnews.com/entertainment/kathie-lee-gifford-ancestry-host-virtual-memorial-day-parade-deep-wwii
==================len 56
Valid====https://www.foxnews.com/us/missouri-hairstylist-went-to-work-with-coronavirus-symptoms-exposed-91-clientsm-co-workers-officials
Current urls queue size 13
Valid====https://www.foxnews.com/food-drink/grocery-store-salad-bar-alcohol-candy
Current urls queue size 12
Valid====https://www.foxnews.com/politics/returning-to-normal-trump-spends-saturday-at-his-golf-course
Current urls queue size 11
Valid====https://www.foxnews.com/sports/nhlpa-approves-24-team-playoff-talks
Current urls queue size 10
Valid====https://www.foxnews.com/media/joe-piscopo-time-for-america-to-fully-reopen
Current urls queue size 9
Got new url: https://www.foxnews.com/politics/us-says-china-blocking-return-of-american-passenger-jets-amid-coronavirus-rules
Got new url: https://www.foxnews.com/opinion/richard-fowler-biden-isnt-a-racist-despite-his-you-aint-black-comment-and-claims-by-republicans
Got new url: https://www.foxnews.com/entertainment/betty-white-98-says-shes-blessed-with-incredibly-good-health-amid-the-coronavirus-pandemic
Got new url: https://www.foxnews.com/health/dr-birx-asking-cdc-to-investigate-3-coronavirus-hotspots-la-chicago-dc
Got new url: https://www.foxnews.com/entertainment/hollywood-exec-pocketed-more-than-1-7m-in-coronavirus-ppp-funds-authorities-say
Got new url: https://www.foxnews.com/health/fauci-says-extended-stay-home-orders-could-cause-irreparable-damage
Got new url: https://www.foxnews.com/media/steve-formes-message-business-owners-protesting-lockdowns
Got new url: https://www.foxnews.com/media/pete-hegseth-revolt-gym-owners-against-lockdown
Got new url: https://www.foxnews.com/media/special-report-all-star-panel-trump-houses-of-worship-announcement
Got new url: https://www.foxnews.com/media/barstool-dave-portnoy-i-dont-trust-fauci
==================len 66
Valid====https://www.foxnews.com/entertainment/brandi-glanville-sprays-kids-bleach-water
Current urls queue size 18
Valid====https://www.foxnews.com/media/dr-siegel-ridiculous-restrictions-memorial-day-weekend
Current urls queue size 17
Valid====https://www.foxnews.com/sports/sec-big-12-football-workouts-campus
Current urls queue size 16
Valid====https://www.foxnews.com/sports/mexico-cancels-soccer-season-coronavirus
Current urls queue size 15
Valid====https://www.foxnews.com/opinion/janice-dean-coronavirus-in-laws-cuomo
Current urls queue size 14
Got new url: https://www.foxnews.com/world/lockdown-measures-prevented-children-receiving-preventive-vaccines
Got new url: https://www.foxnews.com/entertainment/new-recording-john-prine-angel-from-montgomery-released-covid-19-relief
Got new url: https://www.foxnews.com/media/kellyanne-conway-trump-house-of-worship-essential
Got new url: https://www.foxnews.com/politics/ex-detroit-mayorpkilpatrick-set-to-be-released-from-prison-due-to-pandemic
Got new url: https://www.foxnews.com/media/azar-coronavirus-testing-capabilities-we-have-capacity
Got new url: https://www.foxnews.com/opinion/trump-churches-houses-of-worship-essential-samuel-rodriguez
Got new url: https://www.foxnews.com/media/catholic-priest-churches-have-been-prepared-active-fighting-covid-risks
Got new url: https://www.foxnews.com/media/cnn-downplays-biden-controversy
Got new url: https://www.foxnews.com/sports/knicks-legend-patrick-ewing-test-positive-for-coronavirus
==================len 75
Valid====https://www.foxnews.com/us/colleges-left-in-limbo-online-classes
Current urls queue size 22
Valid====https://www.foxnews.com/media/michigan-gym-owner-coronavirus-resistance
Current urls queue size 21
Valid====https://www.foxnews.com/world/benjamin-netanyahu-corruption-trial-everything-you-need-to-know
Current urls queue size 20
Valid====https://www.foxnews.com/entertainment/kathie-lee-gifford-ancestry-host-virtual-memorial-day-parade-deep-wwii
Current urls queue size 19
Valid====https://www.foxnews.com/politics/us-says-china-blocking-return-of-american-passenger-jets-amid-coronavirus-rules
Current urls queue size 18
Got new url: https://www.foxnews.com/us/san-francisco-opens-first-sanctioned-tent-camp-for-homeless
Got new url: https://www.foxnews.com/politics/whitmer-signs-executive-order-extending-michigan-safer-at-home-order-june-12
Got new url: https://www.foxnews.com/us/boston-commons-memorial-day-tradition-lives-on-despite-coronavirus
Got new url: https://www.foxnews.com/us/coronavirus-pandemic-prevents-veterans-from-receiving-final-military-funeral-honors
Got new url: https://www.foxnews.com/media/tomi-lahren-newsom-illegal-immigrants-first-responders
Got new url: https://www.foxnews.com/us/honoring-military-heroes-memorial-day-amid-coronavirus-outbreak
Got new url: https://www.foxnews.com/politics/arizona-rep-irs-failure-issue-tax-refunds-stimulus-checks
Got new url: https://www.foxnews.com/us/sacramento-county-reverses-decision-open-fitness-studios-state-pressure
Got new url: https://www.foxnews.com/politics/new-biden-ad-claims-trump-froze-when-coronavirus-hit
==================len 84
Valid====https://www.foxnews.com/opinion/richard-fowler-biden-isnt-a-racist-despite-his-you-aint-black-comment-and-claims-by-republicans
Current urls queue size 26
Valid====https://www.foxnews.com/entertainment/betty-white-98-says-shes-blessed-with-incredibly-good-health-amid-the-coronavirus-pandemic
Current urls queue size 25
Valid====https://www.foxnews.com/health/dr-birx-asking-cdc-to-investigate-3-coronavirus-hotspots-la-chicago-dc
Current urls queue size 24
Valid====https://www.foxnews.com/entertainment/hollywood-exec-pocketed-more-than-1-7m-in-coronavirus-ppp-funds-authorities-say
Current urls queue size 23
Got new url: https://www.foxnews.com/world/south-america-epicenter-coronavirus
Got new url: https://www.foxnews.com/politics/cdc-releases-guidelines-reopening-houses-of-worship-heres-what-they-say
Got new url: https://www.foxnews.com/politics/doj-intervenes-in-case-challenging-illinois-coronavirus-restrictions
Got new url: https://www.foxnews.com/media/judge-napolitano-trump-has-no-authority-to-override-church-ban-but-has-other-recourse
Got new url: https://www.foxnews.com/media/kayleigh-mcenany-spars-with-press-on-church-reopenings-flynn-case
==================len 89
Valid====https://www.foxnews.com/health/fauci-says-extended-stay-home-orders-could-cause-irreparable-damage
Current urls queue size 27
Valid====https://www.foxnews.com/media/steve-formes-message-business-owners-protesting-lockdowns
Current urls queue size 26
Valid====https://www.foxnews.com/media/pete-hegseth-revolt-gym-owners-against-lockdown
Current urls queue size 25
Valid====https://www.foxnews.com/media/special-report-all-star-panel-trump-houses-of-worship-announcement
Current urls queue size 24
Got new url: https://www.foxnews.com/us/minnesota-health-officials-graduation-ceremony-exposed-people-coronavirus
Got new url: https://www.foxnews.com/politics/birx-announces-dramatic-decline-in-coronavirus-deaths-hospitalizations-across-the-country
Got new url: https://www.foxnews.com/auto/new-york-auto-show-canceled-covid-19-hospital
Got new url: https://www.foxnews.com/travel/universal-orlando-resort-date-reopening-temperature-screenings-face-masks-hand-sanitizer
Got new url: https://www.foxnews.com/politics/trump-announces-that-houses-of-worship-are-essential-calls-on-governors-to-open-them-up
Got new url: https://www.foxnews.com/media/barstools-dave-portnoy-blasts-dr-fauci-coronavirus-rant
Got new url: https://www.foxnews.com/health/amid-coronavirus-crisis-first-responder-begs-congress-for-support
Got new url: https://www.foxnews.com/health/texas-woman-gets-kidney-after-coronavirus-delays-lifesaving-transplant
Got new url: https://www.foxnews.com/lifestyle/couples-las-vegas-wedding-chapels
==================len 98
Valid====https://www.foxnews.com/media/barstool-dave-portnoy-i-dont-trust-fauci
Current urls queue size 32
Valid====https://www.foxnews.com/world/lockdown-measures-prevented-children-receiving-preventive-vaccines
Current urls queue size 31
Valid====https://www.foxnews.com/entertainment/new-recording-john-prine-angel-from-montgomery-released-covid-19-relief
Current urls queue size 30
Got new url: https://www.foxnews.com/media/ben-carson-pushes-back-cuomo-defense-nursing-home
Got new url: https://www.foxnews.com/world/meth-found-hidden-in-coronavirus-mask-and-sanitizer-packages-in-australian
Got new url: https://www.foxnews.com/politics/ron-desantis-florida-covid-dem-states
Got new url: https://www.foxnews.com/media/dr-drew-pinsky-governors-pushing-lockdowns-following-science
Got new url: https://www.foxnews.com/tech/army-adapts-warfare-designed-thermal-imaging-to-war-on-coronavirus
Valid====https://www.foxnews.com/media/kellyanne-conway-trump-house-of-worship-essential
Current urls queue size 34
Got new url: https://www.foxnews.com/world/pompeo-condemns-chinas-law-as-death-knell-for-hong-kong-warns-economic-hardship
Got new url: https://www.foxnews.com/media/lamar-alexander-children-should-wear-masks-school-in-fall
Got new url: https://www.foxnews.com/health/coronavirus-sickens-dozens-of-employees-at-arizona-ups-distribution-center-report
Got new url: https://www.foxnews.com/auto/tickets-nascar-coca-cola-600-7802
==================len 107
Valid====https://www.foxnews.com/politics/ex-detroit-mayorpkilpatrick-set-to-be-released-from-prison-due-to-pandemic
Current urls queue size 37
Valid====https://www.foxnews.com/media/azar-coronavirus-testing-capabilities-we-have-capacity
Current urls queue size 36
Valid====https://www.foxnews.com/opinion/trump-churches-houses-of-worship-essential-samuel-rodriguez
Current urls queue size 35
Got new url: https://www.foxnews.com/science/nasa-sets-date-to-research-asteroid-bennu-after-coronavirus-pandemic-caused-delays
Got new url: https://www.foxnews.com/health/hydroxychloroquine-chloroquine-linked-to-increased-risk-of-death-in-hospitalized-coronavirus-patients-study-finds
Got new url: https://www.foxnews.com/health/coronavirus-related-deaths-in-washington-state-likely-being-underreported-officials-say
Got new url: https://www.foxnews.com/entertainment/tom-hanks-corona-diploma-graduates
Got new url: https://www.foxnews.com/us/coronavirus-infects-57-workers-at-new-mexico-meat-plantcoro
Got new url: https://www.foxnews.com/us/michigan-care-home-patient-75-brutally-beaten-in-attack-caught-on-video-trump-reacts
Got new url: https://www.foxnews.com/media/david-marcus-ny-post-new-york-city-economic-catastrophe-coronavirus
Got new url: https://www.foxnews.com/health/ww2-veteran-100-beats-coronavirus-after-losing-wife-to-illness
Got new url: https://www.foxnews.com/world/coronavirus-open-church-clean-catholic
==================len 116
Valid====https://www.foxnews.com/media/catholic-priest-churches-have-been-prepared-active-fighting-covid-risks
Current urls queue size 43
Valid====https://www.foxnews.com/media/cnn-downplays-biden-controversy
Current urls queue size 42
Valid====https://www.foxnews.com/sports/knicks-legend-patrick-ewing-test-positive-for-coronavirus
Current urls queue size 41
Valid====https://www.foxnews.com/us/san-francisco-opens-first-sanctioned-tent-camp-for-homeless
Current urls queue size 40
Got new url: https://www.foxnews.com/sports/capital-one-the-match-what-to-know-about-the-golf-event
Got new url: https://www.foxnews.com/politics/biden-warns-economic-recovery-from-coronavirus-is-a-long-way-away
Got new url: https://www.foxnews.com/us/florida-man-faces-terrorism-charge
Got new url: https://www.foxnews.com/media/dan-patrick-democrats-mail-in-voting-steal-votes
Got new url: https://www.foxnews.com/science/uk-coronavirus-vaccine-trial-progressing-very-well-recruiting-children-older-adults
Got new url: https://www.foxnews.com/health/mom-blames-coronavirus-after-teen-develops-body-rash-inflamed-organs
Got new url: https://www.foxnews.com/health/work-life-after-coronavirus-could-pose-serious-threat-report-says
Got new url: https://www.foxnews.com/health/next-pandemic-mental-health-crisis-spawned-coronavirus-fears-ock-down
==================len 124
Valid====https://www.foxnews.com/politics/whitmer-signs-executive-order-extending-michigan-safer-at-home-order-june-12
Current urls queue size 47
Valid====https://www.foxnews.com/us/boston-commons-memorial-day-tradition-lives-on-despite-coronavirus
Current urls queue size 46
Valid====https://www.foxnews.com/us/coronavirus-pandemic-prevents-veterans-from-receiving-final-military-funeral-honors
Current urls queue size 45
Valid====https://www.foxnews.com/media/tomi-lahren-newsom-illegal-immigrants-first-responders
Current urls queue size 44
Got new url: https://www.foxnews.com/health/new-mexico-sees-first-human-west-nile-case-of-the-year
Got new url: https://www.foxnews.com/media/judge-jeanine-calls-out-nyc-mayor-bill-de-blasio-governors-for-shutdowns-what-is-this-about
Got new url: https://www.foxnews.com/us/man-sought-for-questioning-in-18-year-old-ohio-womans-disappearance
Got new url: https://www.foxnews.com/travel/disneyland-resort-hints-at-modified-experience-when-park-finally-reopens